<?xml version="1.0" encoding="UTF-8"?>
<!-- Generated by org.testng.reporters.JUnitXMLReporter -->
<testsuite ignored="1" hostname="LAPTOP-9R8MK8BD" failures="1" tests="1" name="checking" time="0.215" errors="0" timestamp="2021-05-09T18:49:42 CEST">
  <testcase classname="ui_functional_test.test_hrm" name="lets_see" time="0.0">
    <failure type="org.testng.TestNGException" message="
Cannot inject @Test annotated Method [lets_see] with [class java.lang.String, class java.lang.String].
For more information on native dependency injection please refer to https://testng.org/doc/documentation-main.html#native-dependency-injection">
      <![CDATA[org.testng.TestNGException: 
Cannot inject @Test annotated Method [lets_see] with [class java.lang.String, class java.lang.String].
For more information on native dependency injection please refer to https://testng.org/doc/documentation-main.html#native-dependency-injection
at java.base/java.util.ArrayList.forEach(ArrayList.java:1511)
... Removed 26 stack frames]]>
    </failure>
  </testcase> <!-- lets_see -->
  <testcase classname="ui_functional_test.test_hrm" name="login" time="0.0">
    <ignored/>
  </testcase> <!-- login -->
</testsuite> <!-- checking -->
