<?xml version="1.0" encoding="UTF-8"?>
<!-- Generated by org.testng.reporters.JUnitXMLReporter -->
<testsuite ignored="2" hostname="LAPTOP-9R8MK8BD" failures="0" tests="0" time="0.211" errors="0" timestamp="2021-05-09T19:46:29 CEST">
  <testcase classname="ui_functional_test.test_hrm" name="verify_addnewemployee" time="0.0">
    <ignored/>
  </testcase> <!-- verify_addnewemployee -->
  <testcase classname="ui_functional_test.test_hrm" name="login" time="0.0">
    <ignored/>
  </testcase> <!-- login -->
</testsuite>
