<?xml version="1.0" encoding="UTF-8"?>
<!-- Generated by org.testng.reporters.JUnitXMLReporter -->
<testsuite ignored="1" hostname="LAPTOP-9R8MK8BD" failures="0" tests="1" name="login" time="10.202" errors="0" timestamp="2021-05-09T20:21:33 CEST">
  <testcase classname="ui_functional_test.test_hrm" name="login" time="4.553"/>
  <testcase classname="ui_functional_test.test_hrm" name="verify_addnewemployee" time="0.0">
    <ignored/>
  </testcase> <!-- verify_addnewemployee -->
</testsuite> <!-- login -->
